<?xml version="1.0" encoding="utf-8"?><testsuites name="pytest tests"><testsuite name="pytest" errors="0" failures="0" skipped="0" tests="57" time="2.222" timestamp="2026-09-13T20:01:50.269168+05:00" hostname="localhost"><testcase classname="tests.release.test_jwt_signatures" name="test_real_signature_and_required_claims[None]" time="0.040" /><testcase classname="tests.release.test_jwt_signatures" name="test_real_signature_and_required_claims[signature]" time="0.148" /><testcase classname="tests.release.test_jwt_signatures" name="test_real_signature_and_required_claims[expiry]" time="0.055" /><testcase classname="tests.release.test_jwt_signatures" name="test_real_signature_and_required_claims[audience]" time="0.022" /><testcase classname="tests.release.test_jwt_signatures" name="test_real_signature_and_required_claims[missing_exp]" time="0.053" /><testcase classname="tests.release.test_rag_scoping" name="test_stream_uses_verified_scope_and_offloads_sync_search" time="0.590" /><testcase classname="tests.release.test_rag_scoping" name="test_highlight_does_not_accept_body_tenant" time="0.001" /><testcase classname="tests.release.test_rag_scoping" name="test_cache_distinguishes_case_and_output_limit" time="0.012" /><testcase classname="tests.release.test_release_hardening" name="test_incomplete_scope_is_rejected[claims0]" time="0.000" /><testcase classname="tests.release.test_release_hardening" name="test_incomplete_scope_is_rejected[claims1]" time="0.000" /><testcase classname="tests.release.test_release_hardening" name="test_incomplete_scope_is_rejected[claims2]" time="0.000" /><testcase classname="tests.release.test_release_hardening" name="test_incomplete_scope_is_rejected[claims3]" time="0.000" /><testcase classname="tests.release.test_release_hardening" name="test_verified_scope_is_exact" time="0.000" /><testcase classname="tests.release.test_release_hardening" name="test_origin_boundary[null]" time="0.000" /><testcase classname="tests.release.test_release_hardening" name="test_origin_boundary[None]" time="0.000" /><testcase classname="tests.release.test_release_hardening" name="test_origin_boundary[https://portal.example.evil]" time="0.000" /><testcase classname="tests.release.test_release_hardening" name="test_origin_boundary[https://portal.example@evil]" time="0.000" /><testcase classname="tests.release.test_release_hardening" name="test_origin_boundary[https://portal.example/path]" time="0.000" /><testcase classname="tests.release.test_release_hardening" name="test_allowed_origin" time="0.000" /><testcase classname="tests.release.test_release_hardening" name="test_limiter_capacity_and_expiry" time="0.000" /><testcase classname="tests.release.test_release_hardening" name="test_tokens_do_not_cross_concurrent_requests" time="0.001" /><testcase classname="tests.release.test_release_hardening" name="test_migration_chain_has_single_head_and_no_missing_parent" time="0.253" /><testcase classname="tests.release.test_release_hardening" name="test_advanced_services_deny_missing_auth[precognition_engine]" time="0.009" /><testcase classname="tests.release.test_release_hardening" name="test_advanced_services_deny_missing_auth[collective_intelligence_engine]" time="0.006" /><testcase classname="tests.release.test_release_hardening" name="test_advanced_services_deny_missing_auth[immune_system]" time="0.006" /><testcase classname="tests.release.test_release_hardening" name="test_advanced_services_deny_missing_auth[knowledge_genome_engine]" time="0.008" /><testcase classname="tests.release.test_release_hardening" name="test_advanced_services_deny_missing_auth[singularity_engine]" time="0.006" /><testcase classname="tests.release.test_release_hardening" name="test_failure_memory_is_tenant_scoped" time="0.003" /><testcase classname="tests.release.test_release_hardening" name="test_wisdom_does_not_invent_percentage" time="0.001" /><testcase classname="tests.release.test_release_hardening" name="test_gateway_csrf_cookie_request" time="0.019" /><testcase classname="tests.release.test_release_hardening" name="test_backend_llm_anonymous_is_rejected" time="0.694" /><testcase classname="tests.release.test_release_hardening" name="test_backend_unready_uses_503" time="0.001" /><testcase classname="tests.release.test_release_hardening" name="test_specialist_prompts_match_required_agents" time="0.000" /><testcase classname="tests.security.test_critical_fixes.TestFailClosedAuth" name="test_no_unknown_user_fallback_in_rag_engine" time="0.001" /><testcase classname="tests.security.test_critical_fixes.TestFailClosedAuth" name="test_auth_dep_raises_on_failure" time="0.001" /><testcase classname="tests.security.test_critical_fixes.TestFailClosedAuth" name="test_startup_validation_exists" time="0.000" /><testcase classname="tests.security.test_critical_fixes.TestFailClosedAuth" name="test_auth_health_endpoint_exists" time="0.000" /><testcase classname="tests.security.test_critical_fixes.TestTenantIsolation" name="test_get_document_uses_claims_not_query_params" time="0.001" /><testcase classname="tests.security.test_critical_fixes.TestTenantIsolation" name="test_delete_document_uses_claims" time="0.001" /><testcase classname="tests.security.test_critical_fixes.TestTenantIsolation" name="test_search_uses_claims_for_tenant" time="0.000" /><testcase classname="tests.security.test_critical_fixes.TestTenantIsolation" name="test_missing_tenant_id_returns_403" time="0.000" /><testcase classname="tests.security.test_critical_fixes.TestNoDefaultSecrets" name="test_no_change_me_secret_in_siem" time="0.000" /><testcase classname="tests.security.test_critical_fixes.TestNoDefaultSecrets" name="test_secret_validator_exists" time="0.000" /><testcase classname="tests.security.test_critical_fixes.TestNoDefaultSecrets" name="test_is_secret_weak_detects_defaults" time="0.001" /><testcase classname="tests.security.test_critical_fixes.TestNoDefaultSecrets" name="test_validate_no_default_secrets_passes_with_strong" time="0.001" /><testcase classname="tests.security.test_critical_fixes.TestRateLimiting" name="test_rate_limiter_exists" time="0.000" /><testcase classname="tests.security.test_critical_fixes.TestRateLimiting" name="test_rate_limiter_initializes" time="0.004" /><testcase classname="tests.security.test_critical_fixes.TestRateLimiting" name="test_health_check_exempt" time="0.000" /><testcase classname="tests.security.test_critical_fixes.TestRateLimiting" name="test_rate_limit_returns_429" time="0.026" /><testcase classname="tests.security.test_critical_fixes.TestStateless" name="test_rag_engine_uses_external_storage" time="0.000" /><testcase classname="tests.security.test_critical_fixes.TestStateless" name="test_no_in_memory_state_persistence" time="0.000" /><testcase classname="tests.security.test_critical_fixes.TestStructuredLogging" name="test_structured_logging_module_exists" time="0.000" /><testcase classname="tests.security.test_critical_fixes.TestStructuredLogging" name="test_json_formatter_produces_valid_json" time="0.001" /><testcase classname="tests.security.test_critical_fixes.TestStructuredLogging" name="test_secret_redaction_in_logs" time="0.000" /><testcase classname="tests.security.test_critical_fixes.TestStructuredLogging" name="test_log_includes_trace_context" time="0.000" /><testcase classname="tests.security.test_critical_fixes.TestStructuredLogging" name="test_setup_structured_logging_works" time="0.001" /><testcase classname="tests.security.test_critical_fixes.TestNoAuthBypass" name="test_no_default_tenant_id_fallback" time="0.011" /></testsuite></testsuites>